[ 2015-04-17T01:06:40+08:00 ] ::1 /web_oppo/
INFO: [ app_init ] --START--
INFO: Run Behavior\BuildLiteBehavior [ RunTime:0.000026s ]
INFO: [ app_init ] --END-- [ RunTime:0.000515s ]
INFO: [ app_begin ] --START--
INFO: Run Behavior\ReadHtmlCacheBehavior [ RunTime:0.000612s ]
INFO: [ app_begin ] --END-- [ RunTime:0.000721s ]
INFO: [ view_parse ] --START--
INFO: [ template_filter ] --START--
INFO: Run Behavior\ContentReplaceBehavior [ RunTime:0.000067s ]
INFO: [ template_filter ] --END-- [ RunTime:0.000175s ]
INFO: Run Behavior\ParseTemplateBehavior [ RunTime:0.006219s ]
INFO: [ view_parse ] --END-- [ RunTime:0.006339s ]
INFO: [ view_filter ] --START--
INFO: Run Behavior\WriteHtmlCacheBehavior [ RunTime:0.000430s ]
INFO: [ view_filter ] --END-- [ RunTime:0.000528s ]
INFO: [ app_end ] --START--
INFO: Run Behavior\ShowPageTraceBehavior [ RunTime:0.000619s ]
INFO: [ app_end ] --END-- [ RunTime:0.000720s ]

[ 2015-04-17T01:06:49+08:00 ] ::1 /web_oppo/
INFO: [ app_init ] --START--
INFO: Run Behavior\BuildLiteBehavior [ RunTime:0.000027s ]
INFO: [ app_init ] --END-- [ RunTime:0.000519s ]
INFO: [ app_begin ] --START--
INFO: Run Behavior\ReadHtmlCacheBehavior [ RunTime:0.000763s ]
INFO: [ app_begin ] --END-- [ RunTime:0.000899s ]
INFO: [ view_parse ] --START--
INFO: [ template_filter ] --START--
INFO: Run Behavior\ContentReplaceBehavior [ RunTime:0.000080s ]
INFO: [ template_filter ] --END-- [ RunTime:0.000218s ]
INFO: Run Behavior\ParseTemplateBehavior [ RunTime:0.007767s ]
INFO: [ view_parse ] --END-- [ RunTime:0.007978s ]
INFO: [ view_filter ] --START--
INFO: Run Behavior\WriteHtmlCacheBehavior [ RunTime:0.000507s ]
INFO: [ view_filter ] --END-- [ RunTime:0.000618s ]
INFO: [ app_end ] --START--
INFO: Run Behavior\ShowPageTraceBehavior [ RunTime:0.000672s ]
INFO: [ app_end ] --END-- [ RunTime:0.000788s ]

[ 2015-04-17T01:23:04+08:00 ] ::1 /web_oppo/
INFO: [ app_init ] --START--
INFO: Run Behavior\BuildLiteBehavior [ RunTime:0.000023s ]
INFO: [ app_init ] --END-- [ RunTime:0.000466s ]
INFO: [ app_begin ] --START--
INFO: Run Behavior\ReadHtmlCacheBehavior [ RunTime:0.000655s ]
INFO: [ app_begin ] --END-- [ RunTime:0.000764s ]
INFO: [ view_parse ] --START--
INFO: [ template_filter ] --START--
INFO: Run Behavior\ContentReplaceBehavior [ RunTime:0.000105s ]
INFO: [ template_filter ] --END-- [ RunTime:0.000287s ]
INFO: Run Behavior\ParseTemplateBehavior [ RunTime:0.008537s ]
INFO: [ view_parse ] --END-- [ RunTime:0.008864s ]
INFO: [ view_filter ] --START--
INFO: Run Behavior\WriteHtmlCacheBehavior [ RunTime:0.000549s ]
INFO: [ view_filter ] --END-- [ RunTime:0.000664s ]
INFO: [ app_end ] --START--
INFO: Run Behavior\ShowPageTraceBehavior [ RunTime:0.000705s ]
INFO: [ app_end ] --END-- [ RunTime:0.000855s ]

[ 2015-04-17T01:23:22+08:00 ] ::1 /web_oppo/
INFO: [ app_init ] --START--
INFO: Run Behavior\BuildLiteBehavior [ RunTime:0.000024s ]
INFO: [ app_init ] --END-- [ RunTime:0.000427s ]
INFO: [ app_begin ] --START--
INFO: Run Behavior\ReadHtmlCacheBehavior [ RunTime:0.000612s ]
INFO: [ app_begin ] --END-- [ RunTime:0.000718s ]
INFO: [ view_parse ] --START--
INFO: [ template_filter ] --START--
INFO: Run Behavior\ContentReplaceBehavior [ RunTime:0.000063s ]
INFO: [ template_filter ] --END-- [ RunTime:0.000168s ]
INFO: Run Behavior\ParseTemplateBehavior [ RunTime:0.006181s ]
INFO: [ view_parse ] --END-- [ RunTime:0.006297s ]
INFO: [ view_filter ] --START--
INFO: Run Behavior\WriteHtmlCacheBehavior [ RunTime:0.000486s ]
INFO: [ view_filter ] --END-- [ RunTime:0.000585s ]
INFO: [ app_end ] --START--
INFO: Run Behavior\ShowPageTraceBehavior [ RunTime:0.000639s ]
INFO: [ app_end ] --END-- [ RunTime:0.000739s ]

[ 2015-04-17T01:24:11+08:00 ] ::1 /web_oppo/
INFO: [ app_init ] --START--
INFO: Run Behavior\BuildLiteBehavior [ RunTime:0.000024s ]
INFO: [ app_init ] --END-- [ RunTime:0.000442s ]
INFO: [ app_begin ] --START--
INFO: Run Behavior\ReadHtmlCacheBehavior [ RunTime:0.000564s ]
INFO: [ app_begin ] --END-- [ RunTime:0.000676s ]
INFO: [ view_parse ] --START--
INFO: [ template_filter ] --START--
INFO: Run Behavior\ContentReplaceBehavior [ RunTime:0.000060s ]
INFO: [ template_filter ] --END-- [ RunTime:0.000177s ]
INFO: Run Behavior\ParseTemplateBehavior [ RunTime:0.006186s ]
INFO: [ view_parse ] --END-- [ RunTime:0.006302s ]
INFO: [ view_filter ] --START--
INFO: Run Behavior\WriteHtmlCacheBehavior [ RunTime:0.000472s ]
INFO: [ view_filter ] --END-- [ RunTime:0.000579s ]
INFO: [ app_end ] --START--
INFO: Run Behavior\ShowPageTraceBehavior [ RunTime:0.000711s ]
INFO: [ app_end ] --END-- [ RunTime:0.000811s ]

[ 2015-04-17T01:24:25+08:00 ] ::1 /web_oppo/
INFO: [ app_init ] --START--
INFO: Run Behavior\BuildLiteBehavior [ RunTime:0.000023s ]
INFO: [ app_init ] --END-- [ RunTime:0.000459s ]
INFO: [ app_begin ] --START--
INFO: Run Behavior\ReadHtmlCacheBehavior [ RunTime:0.000623s ]
INFO: [ app_begin ] --END-- [ RunTime:0.000737s ]
INFO: [ view_parse ] --START--
INFO: [ template_filter ] --START--
INFO: Run Behavior\ContentReplaceBehavior [ RunTime:0.000063s ]
INFO: [ template_filter ] --END-- [ RunTime:0.000171s ]
INFO: Run Behavior\ParseTemplateBehavior [ RunTime:0.006147s ]
INFO: [ view_parse ] --END-- [ RunTime:0.006266s ]
INFO: [ view_filter ] --START--
INFO: Run Behavior\WriteHtmlCacheBehavior [ RunTime:0.000432s ]
INFO: [ view_filter ] --END-- [ RunTime:0.000531s ]
INFO: [ app_end ] --START--
INFO: Run Behavior\ShowPageTraceBehavior [ RunTime:0.000616s ]
INFO: [ app_end ] --END-- [ RunTime:0.000719s ]

[ 2015-04-17T01:25:20+08:00 ] ::1 /web_oppo/
INFO: [ app_init ] --START--
INFO: Run Behavior\BuildLiteBehavior [ RunTime:0.000023s ]
INFO: [ app_init ] --END-- [ RunTime:0.000492s ]
INFO: [ app_begin ] --START--
INFO: Run Behavior\ReadHtmlCacheBehavior [ RunTime:0.000653s ]
INFO: [ app_begin ] --END-- [ RunTime:0.000801s ]
INFO: [ view_parse ] --START--
INFO: [ template_filter ] --START--
INFO: Run Behavior\ContentReplaceBehavior [ RunTime:0.000061s ]
INFO: [ template_filter ] --END-- [ RunTime:0.000166s ]
INFO: Run Behavior\ParseTemplateBehavior [ RunTime:0.006251s ]
INFO: [ view_parse ] --END-- [ RunTime:0.006378s ]
INFO: [ view_filter ] --START--
INFO: Run Behavior\WriteHtmlCacheBehavior [ RunTime:0.000596s ]
INFO: [ view_filter ] --END-- [ RunTime:0.000702s ]
INFO: [ app_end ] --START--
INFO: Run Behavior\ShowPageTraceBehavior [ RunTime:0.000660s ]
INFO: [ app_end ] --END-- [ RunTime:0.000779s ]

[ 2015-04-17T01:25:41+08:00 ] ::1 /web_oppo/
INFO: [ app_init ] --START--
INFO: Run Behavior\BuildLiteBehavior [ RunTime:0.000024s ]
INFO: [ app_init ] --END-- [ RunTime:0.000510s ]
INFO: [ app_begin ] --START--
INFO: Run Behavior\ReadHtmlCacheBehavior [ RunTime:0.000674s ]
INFO: [ app_begin ] --END-- [ RunTime:0.000780s ]
INFO: [ view_parse ] --START--
INFO: [ template_filter ] --START--
INFO: Run Behavior\ContentReplaceBehavior [ RunTime:0.000062s ]
INFO: [ template_filter ] --END-- [ RunTime:0.000171s ]
INFO: Run Behavior\ParseTemplateBehavior [ RunTime:0.006954s ]
INFO: [ view_parse ] --END-- [ RunTime:0.007098s ]
INFO: [ view_filter ] --START--
INFO: Run Behavior\WriteHtmlCacheBehavior [ RunTime:0.000572s ]
INFO: [ view_filter ] --END-- [ RunTime:0.000696s ]
INFO: [ app_end ] --START--
INFO: Run Behavior\ShowPageTraceBehavior [ RunTime:0.000890s ]
INFO: [ app_end ] --END-- [ RunTime:0.001014s ]

[ 2015-04-17T01:25:46+08:00 ] ::1 /web_oppo/
INFO: [ app_init ] --START--
INFO: Run Behavior\BuildLiteBehavior [ RunTime:0.000022s ]
INFO: [ app_init ] --END-- [ RunTime:0.000519s ]
INFO: [ app_begin ] --START--
INFO: Run Behavior\ReadHtmlCacheBehavior [ RunTime:0.000684s ]
INFO: [ app_begin ] --END-- [ RunTime:0.000798s ]
INFO: [ view_parse ] --START--
INFO: [ template_filter ] --START--
INFO: Run Behavior\ContentReplaceBehavior [ RunTime:0.000073s ]
INFO: [ template_filter ] --END-- [ RunTime:0.000193s ]
INFO: Run Behavior\ParseTemplateBehavior [ RunTime:0.006316s ]
INFO: [ view_parse ] --END-- [ RunTime:0.006428s ]
INFO: [ view_filter ] --START--
INFO: Run Behavior\WriteHtmlCacheBehavior [ RunTime:0.000544s ]
INFO: [ view_filter ] --END-- [ RunTime:0.000639s ]
INFO: [ app_end ] --START--
INFO: Run Behavior\ShowPageTraceBehavior [ RunTime:0.000680s ]
INFO: [ app_end ] --END-- [ RunTime:0.000788s ]

[ 2015-04-17T01:25:56+08:00 ] ::1 /web_oppo/
INFO: [ app_init ] --START--
INFO: Run Behavior\BuildLiteBehavior [ RunTime:0.000027s ]
INFO: [ app_init ] --END-- [ RunTime:0.000498s ]
INFO: [ app_begin ] --START--
INFO: Run Behavior\ReadHtmlCacheBehavior [ RunTime:0.000682s ]
INFO: [ app_begin ] --END-- [ RunTime:0.000802s ]
INFO: [ view_parse ] --START--
INFO: [ template_filter ] --START--
INFO: Run Behavior\ContentReplaceBehavior [ RunTime:0.000067s ]
INFO: [ template_filter ] --END-- [ RunTime:0.000185s ]
INFO: Run Behavior\ParseTemplateBehavior [ RunTime:0.006256s ]
INFO: [ view_parse ] --END-- [ RunTime:0.006380s ]
INFO: [ view_filter ] --START--
INFO: Run Behavior\WriteHtmlCacheBehavior [ RunTime:0.000483s ]
INFO: [ view_filter ] --END-- [ RunTime:0.000584s ]
INFO: [ app_end ] --START--
INFO: Run Behavior\ShowPageTraceBehavior [ RunTime:0.000601s ]
INFO: [ app_end ] --END-- [ RunTime:0.000704s ]

[ 2015-04-17T01:31:35+08:00 ] ::1 /web_oppo/
INFO: [ app_init ] --START--
INFO: Run Behavior\BuildLiteBehavior [ RunTime:0.000032s ]
INFO: [ app_init ] --END-- [ RunTime:0.001205s ]
INFO: [ app_begin ] --START--
INFO: Run Behavior\ReadHtmlCacheBehavior [ RunTime:0.000779s ]
INFO: [ app_begin ] --END-- [ RunTime:0.000950s ]
INFO: [ view_parse ] --START--
INFO: [ template_filter ] --START--
INFO: Run Behavior\ContentReplaceBehavior [ RunTime:0.000068s ]
INFO: [ template_filter ] --END-- [ RunTime:0.000196s ]
INFO: Run Behavior\ParseTemplateBehavior [ RunTime:0.008842s ]
INFO: [ view_parse ] --END-- [ RunTime:0.008976s ]
INFO: [ view_filter ] --START--
INFO: Run Behavior\WriteHtmlCacheBehavior [ RunTime:0.000437s ]
INFO: [ view_filter ] --END-- [ RunTime:0.000553s ]
INFO: [ app_end ] --START--
INFO: Run Behavior\ShowPageTraceBehavior [ RunTime:0.000574s ]
INFO: [ app_end ] --END-- [ RunTime:0.000694s ]

